I, [2014-04-28T15:17:51.878287 #5965]  INFO -- Kitchen: -----> Starting Kitchen (v1.2.1)
I, [2014-04-28T15:17:52.331278 #5965]  INFO -- Kitchen: -----> Creating <default-ubuntu-1204>...
I, [2014-04-28T15:19:50.755655 #5965]  INFO -- Kitchen: -----> Creating <default-centos-64>...
I, [2014-04-28T15:22:56.192080 #5965]  INFO -- Kitchen: -----> Kitchen is finished. (5m4.31s)
I, [2014-04-28T15:33:27.222129 #6224]  INFO -- Kitchen: -----> Starting Kitchen (v1.2.1)
I, [2014-04-28T15:33:27.495105 #6224]  INFO -- Kitchen: -----> Converging <default-ubuntu-1204>...
E, [2014-04-28T15:33:48.076934 #6224] ERROR -- Kitchen: Converge failed on instance <default-ubuntu-1204>.
I, [2014-04-28T15:35:47.630692 #6239]  INFO -- Kitchen: -----> Starting Kitchen (v1.2.1)
I, [2014-04-28T15:35:47.902731 #6239]  INFO -- Kitchen: -----> Converging <default-ubuntu-1204>...
E, [2014-04-28T15:35:55.554794 #6239] ERROR -- Kitchen: Converge failed on instance <default-ubuntu-1204>.
I, [2014-04-28T15:36:14.263672 #6251]  INFO -- Kitchen: -----> Starting Kitchen (v1.2.1)
I, [2014-04-28T15:36:14.536470 #6251]  INFO -- Kitchen: -----> Destroying <default-ubuntu-1204>...
I, [2014-04-28T15:36:18.079005 #6251]  INFO -- Kitchen: -----> Destroying <default-centos-64>...
I, [2014-04-28T15:36:21.864422 #6251]  INFO -- Kitchen: -----> Kitchen is finished. (0m7.60s)
I, [2014-04-28T15:36:25.537230 #6312]  INFO -- Kitchen: -----> Starting Kitchen (v1.2.1)
I, [2014-04-28T15:36:25.795361 #6312]  INFO -- Kitchen: -----> Creating <default-ubuntu-1204>...
I, [2014-04-28T15:36:59.058841 #6312]  INFO -- Kitchen: -----> Converging <default-ubuntu-1204>...
E, [2014-04-28T15:37:18.079908 #6312] ERROR -- Kitchen: Converge failed on instance <default-ubuntu-1204>.
I, [2014-04-28T15:45:35.729869 #6440]  INFO -- Kitchen: -----> Starting Kitchen (v1.2.1)
I, [2014-04-28T15:45:36.307547 #6440]  INFO -- Kitchen: -----> Converging <default-ubuntu-1204>...
E, [2014-04-28T15:47:51.473284 #6440] ERROR -- Kitchen: Converge failed on instance <default-ubuntu-1204>.
I, [2014-04-28T15:59:17.837062 #6469]  INFO -- Kitchen: -----> Starting Kitchen (v1.2.1)
I, [2014-04-28T15:59:18.405507 #6469]  INFO -- Kitchen: -----> Converging <default-ubuntu-1204>...
I, [2014-04-28T16:00:17.607861 #6469]  INFO -- Kitchen: -----> Creating <default-centos-64>...
I, [2014-04-28T16:01:01.477272 #6469]  INFO -- Kitchen: -----> Converging <default-centos-64>...
I, [2014-04-28T16:04:51.978854 #6469]  INFO -- Kitchen: -----> Kitchen is finished. (5m34.14s)
I, [2014-04-28T16:27:09.117208 #6646]  INFO -- Kitchen: -----> Starting Kitchen (v1.2.1)
I, [2014-04-28T16:27:09.687400 #6646]  INFO -- Kitchen: -----> Converging <default-ubuntu-1204>...
I, [2014-04-28T16:28:38.868389 #6646]  INFO -- Kitchen: -----> Converging <default-centos-64>...
I, [2014-04-28T16:30:38.974486 #6646]  INFO -- Kitchen: -----> Kitchen is finished. (3m29.85s)
I, [2014-04-29T09:48:48.457249 #1072]  INFO -- Kitchen: -----> Starting Kitchen (v1.2.1)
I, [2014-04-29T09:48:49.024975 #1072]  INFO -- Kitchen: -----> Destroying <default-ubuntu-1204>...
I, [2014-04-29T09:49:09.229070 #1072]  INFO -- Kitchen: -----> Destroying <default-centos-64>...
I, [2014-04-29T09:49:12.608003 #1072]  INFO -- Kitchen: -----> Kitchen is finished. (0m24.15s)
I, [2014-04-29T09:49:18.422938 #1142]  INFO -- Kitchen: -----> Starting Kitchen (v1.2.1)
I, [2014-04-29T09:49:18.982849 #1142]  INFO -- Kitchen: -----> Creating <default-centos-65>...
I, [2014-04-29T09:51:18.126981 #1142]  INFO -- Kitchen: -----> Converging <default-centos-65>...
E, [2014-04-29T09:52:24.225582 #1142] ERROR -- Kitchen: Converge failed on instance <default-centos-65>.
I, [2014-04-29T09:53:19.614306 #1272]  INFO -- Kitchen: -----> Starting Kitchen (v1.2.1)
I, [2014-04-29T09:53:20.181526 #1272]  INFO -- Kitchen: -----> Converging <default-centos-65>...
E, [2014-04-29T09:53:55.839388 #1272] ERROR -- Kitchen: Converge failed on instance <default-centos-65>.
I, [2014-04-29T09:54:36.840951 #1285]  INFO -- Kitchen: -----> Starting Kitchen (v1.2.1)
I, [2014-04-29T09:54:37.404293 #1285]  INFO -- Kitchen: -----> Creating <default-centos-64>...
I, [2014-04-29T09:55:18.027030 #1285]  INFO -- Kitchen: -----> Converging <default-centos-64>...
E, [2014-04-29T10:00:06.319311 #1285] ERROR -- Kitchen: Converge failed on instance <default-centos-64>.
I, [2014-04-29T10:01:27.750028 #1417]  INFO -- Kitchen: -----> Starting Kitchen (v1.2.1)
I, [2014-04-29T10:01:28.327671 #1417]  INFO -- Kitchen: -----> Converging <default-centos-64>...
E, [2014-04-29T10:01:56.272438 #1417] ERROR -- Kitchen: Converge failed on instance <default-centos-64>.
I, [2014-04-29T10:04:30.211177 #1432]  INFO -- Kitchen: -----> Starting Kitchen (v1.2.1)
I, [2014-04-29T10:04:30.777277 #1432]  INFO -- Kitchen: -----> Converging <default-centos-64>...
E, [2014-04-29T10:04:57.635734 #1432] ERROR -- Kitchen: Converge failed on instance <default-centos-64>.
I, [2014-04-29T10:07:53.615604 #1457]  INFO -- Kitchen: -----> Starting Kitchen (v1.2.1)
I, [2014-04-29T10:07:54.190672 #1457]  INFO -- Kitchen: -----> Destroying <default-centos-64>...
I, [2014-04-29T10:07:57.794419 #1457]  INFO -- Kitchen: -----> Kitchen is finished. (0m4.18s)
I, [2014-04-29T10:08:20.206987 #1504]  INFO -- Kitchen: -----> Starting Kitchen (v1.2.1)
I, [2014-04-29T10:08:20.769343 #1504]  INFO -- Kitchen: -----> Creating <default-ubuntu-1204>...
I, [2014-04-29T10:08:55.714399 #1504]  INFO -- Kitchen: -----> Converging <default-ubuntu-1204>...
E, [2014-04-29T10:12:46.789090 #1504] ERROR -- Kitchen: Converge failed on instance <default-ubuntu-1204>.
I, [2014-04-29T10:13:30.123003 #1621]  INFO -- Kitchen: -----> Starting Kitchen (v1.2.1)
I, [2014-04-29T10:13:30.702542 #1621]  INFO -- Kitchen: -----> Converging <default-ubuntu-1204>...
E, [2014-04-29T10:13:41.999785 #1621] ERROR -- Kitchen: Converge failed on instance <default-ubuntu-1204>.
I, [2014-04-29T10:16:47.362911 #1650]  INFO -- Kitchen: -----> Starting Kitchen (v1.2.1)
I, [2014-04-29T10:16:47.929722 #1650]  INFO -- Kitchen: -----> Converging <default-ubuntu-1204>...
E, [2014-04-29T10:17:02.679364 #1650] ERROR -- Kitchen: Converge failed on instance <default-ubuntu-1204>.
I, [2014-04-29T10:19:57.063704 #1673]  INFO -- Kitchen: -----> Starting Kitchen (v1.2.1)
I, [2014-04-29T10:19:57.628737 #1673]  INFO -- Kitchen: -----> Converging <default-ubuntu-1204>...
E, [2014-04-29T10:20:07.438882 #1673] ERROR -- Kitchen: Converge failed on instance <default-ubuntu-1204>.
I, [2014-04-29T10:26:42.987945 #1694]  INFO -- Kitchen: -----> Starting Kitchen (v1.2.1)
I, [2014-04-29T10:26:43.566000 #1694]  INFO -- Kitchen: -----> Destroying <default-ubuntu-1204>...
I, [2014-04-29T10:26:47.050020 #1694]  INFO -- Kitchen: -----> Kitchen is finished. (0m4.06s)
I, [2014-04-29T14:11:09.360058 #2609]  INFO -- Kitchen: -----> Starting Kitchen (v1.2.1)
I, [2014-04-29T14:11:09.946730 #2609]  INFO -- Kitchen: -----> Creating <default-ubuntu-1204>...
I, [2014-04-29T14:11:43.490104 #2609]  INFO -- Kitchen: -----> Converging <default-ubuntu-1204>...
E, [2014-04-29T14:13:17.633702 #2609] ERROR -- Kitchen: Converge failed on instance <default-ubuntu-1204>.
I, [2014-04-29T14:13:48.652701 #2715]  INFO -- Kitchen: -----> Starting Kitchen (v1.2.1)
I, [2014-04-29T14:13:49.250532 #2715]  INFO -- Kitchen: -----> Converging <default-ubuntu-1204>...
E, [2014-04-29T14:16:31.939419 #2715] ERROR -- Kitchen: Converge failed on instance <default-ubuntu-1204>.
I, [2014-04-29T14:24:31.726590 #2812]  INFO -- Kitchen: -----> Starting Kitchen (v1.2.1)
I, [2014-04-29T14:24:32.312795 #2812]  INFO -- Kitchen: -----> Destroying <default-ubuntu-1204>...
I, [2014-04-29T14:24:36.435884 #2812]  INFO -- Kitchen: -----> Kitchen is finished. (0m4.71s)
I, [2014-04-29T14:24:39.743288 #2849]  INFO -- Kitchen: -----> Starting Kitchen (v1.2.1)
I, [2014-04-29T14:24:40.324329 #2849]  INFO -- Kitchen: -----> Creating <default-ubuntu-1204>...
I, [2014-04-29T14:25:14.738709 #2849]  INFO -- Kitchen: -----> Kitchen is finished. (0m35.00s)
I, [2014-04-29T14:25:33.659561 #2955]  INFO -- Kitchen: -----> Starting Kitchen (v1.2.1)
I, [2014-04-29T14:25:34.235701 #2955]  INFO -- Kitchen: -----> Converging <default-ubuntu-1204>...
E, [2014-04-29T14:29:25.089460 #2955] ERROR -- Kitchen: Converge failed on instance <default-ubuntu-1204>.
I, [2014-04-29T14:32:00.595034 #2972]  INFO -- Kitchen: -----> Starting Kitchen (v1.2.1)
I, [2014-04-29T14:32:01.271097 #2972]  INFO -- Kitchen: -----> Converging <default-ubuntu-1204>...
E, [2014-04-29T14:32:13.187135 #2972] ERROR -- Kitchen: Converge failed on instance <default-ubuntu-1204>.
I, [2014-04-29T14:33:12.741994 #2992]  INFO -- Kitchen: -----> Starting Kitchen (v1.2.1)
I, [2014-04-29T14:33:13.327322 #2992]  INFO -- Kitchen: -----> Converging <default-ubuntu-1204>...
E, [2014-04-29T14:33:23.423722 #2992] ERROR -- Kitchen: Converge failed on instance <default-ubuntu-1204>.
I, [2014-04-29T14:38:44.999257 #3243]  INFO -- Kitchen: -----> Starting Kitchen (v1.2.1)
I, [2014-04-29T14:38:45.580267 #3243]  INFO -- Kitchen: -----> Destroying <default-ubuntu-1204>...
I, [2014-04-29T14:38:49.683722 #3243]  INFO -- Kitchen: -----> Kitchen is finished. (0m4.68s)
